[2020-03-25 23:09:53 +0800] [11992] [INFO] Starting gunicorn 20.0.4
[2020-03-25 23:09:53 +0800] [11992] [INFO] Listening at: http://127.0.0.1:8000 (11992)
[2020-03-25 23:09:53 +0800] [11992] [INFO] Using worker: gthread
[2020-03-25 23:09:53 +0800] [12000] [INFO] Booting worker with pid: 12000
[2020-03-25 23:09:53 +0800] [12002] [INFO] Booting worker with pid: 12002
[2020-03-26 18:58:18 +0800] [11992] [INFO] Handling signal: term
[2020-03-26 10:58:18 +0000] [12000] [INFO] Worker exiting (pid: 12000)
[2020-03-26 10:58:19 +0000] [12002] [INFO] Worker exiting (pid: 12002)
[2020-03-26 18:58:19 +0800] [11992] [INFO] Shutting down: Master
[2020-03-26 18:58:20 +0800] [6355] [INFO] Starting gunicorn 20.0.4
[2020-03-26 18:58:20 +0800] [6355] [INFO] Listening at: http://127.0.0.1:8000 (6355)
[2020-03-26 18:58:20 +0800] [6355] [INFO] Using worker: gthread
[2020-03-26 18:58:20 +0800] [6363] [INFO] Booting worker with pid: 6363
[2020-03-26 18:58:20 +0800] [6364] [INFO] Booting worker with pid: 6364
[2020-03-26 19:09:46 +0800] [6355] [INFO] Handling signal: term
[2020-03-26 11:09:46 +0000] [6364] [INFO] Worker exiting (pid: 6364)
[2020-03-26 11:09:46 +0000] [6363] [INFO] Worker exiting (pid: 6363)
[2020-03-26 19:09:47 +0800] [6355] [INFO] Shutting down: Master
[2020-03-26 19:09:47 +0800] [7931] [INFO] Starting gunicorn 20.0.4
[2020-03-26 19:09:47 +0800] [7931] [INFO] Listening at: http://127.0.0.1:8000 (7931)
[2020-03-26 19:09:47 +0800] [7931] [INFO] Using worker: gthread
[2020-03-26 19:09:47 +0800] [7939] [INFO] Booting worker with pid: 7939
[2020-03-26 19:09:47 +0800] [7941] [INFO] Booting worker with pid: 7941
[2020-03-26 19:23:30 +0800] [7931] [INFO] Handling signal: term
[2020-03-26 11:23:31 +0000] [7941] [INFO] Worker exiting (pid: 7941)
[2020-03-26 11:23:31 +0000] [7939] [INFO] Worker exiting (pid: 7939)
[2020-03-26 19:23:31 +0800] [7931] [INFO] Shutting down: Master
[2020-03-26 19:23:32 +0800] [9769] [INFO] Starting gunicorn 20.0.4
[2020-03-26 19:23:32 +0800] [9769] [INFO] Listening at: http://127.0.0.1:8000 (9769)
[2020-03-26 19:23:32 +0800] [9769] [INFO] Using worker: gthread
[2020-03-26 19:23:32 +0800] [9782] [INFO] Booting worker with pid: 9782
[2020-03-26 19:23:32 +0800] [9784] [INFO] Booting worker with pid: 9784
[2020-03-29 00:29:56 +0800] [9769] [INFO] Handling signal: term
[2020-03-28 16:29:57 +0000] [9782] [INFO] Worker exiting (pid: 9782)
[2020-03-28 16:29:57 +0000] [9784] [INFO] Worker exiting (pid: 9784)
[2020-03-29 00:29:57 +0800] [9769] [INFO] Shutting down: Master
[2020-03-29 00:29:58 +0800] [30299] [INFO] Starting gunicorn 20.0.4
[2020-03-29 00:29:58 +0800] [30299] [INFO] Listening at: http://127.0.0.1:8000 (30299)
[2020-03-29 00:29:58 +0800] [30299] [INFO] Using worker: gthread
[2020-03-29 00:29:58 +0800] [30308] [INFO] Booting worker with pid: 30308
[2020-03-29 00:29:58 +0800] [30310] [INFO] Booting worker with pid: 30310
Internal Server Error: /
Traceback (most recent call last):
  File "/usr/local/lib/python3.6/site-packages/django/core/handlers/exception.py", line 34, in inner
    response = get_response(request)
  File "/usr/local/lib/python3.6/site-packages/django/core/handlers/base.py", line 115, in _get_response
    response = self.process_exception_by_middleware(e, request)
  File "/usr/local/lib/python3.6/site-packages/django/core/handlers/base.py", line 113, in _get_response
    response = wrapped_callback(request, *callback_args, **callback_kwargs)
  File "/home/king/myweb_dj/app01/views.py", line 55, in index
    return render(request, 'index.html', {'user_head': userName})
  File "/usr/local/lib/python3.6/site-packages/django/shortcuts.py", line 19, in render
    content = loader.render_to_string(template_name, context, request, using=using)
  File "/usr/local/lib/python3.6/site-packages/django/template/loader.py", line 62, in render_to_string
    return template.render(context, request)
  File "/usr/local/lib/python3.6/site-packages/django/template/backends/django.py", line 61, in render
    return self.template.render(context)
  File "/usr/local/lib/python3.6/site-packages/django/template/base.py", line 171, in render
    return self._render(context)
  File "/usr/local/lib/python3.6/site-packages/django/template/base.py", line 163, in _render
    return self.nodelist.render(context)
  File "/usr/local/lib/python3.6/site-packages/django/template/base.py", line 936, in render
    bit = node.render_annotated(context)
  File "/usr/local/lib/python3.6/site-packages/django/template/base.py", line 903, in render_annotated
    return self.render(context)
  File "/usr/local/lib/python3.6/site-packages/django/template/loader_tags.py", line 150, in render
    return compiled_parent._render(context)
  File "/usr/local/lib/python3.6/site-packages/django/template/base.py", line 163, in _render
    return self.nodelist.render(context)
  File "/usr/local/lib/python3.6/site-packages/django/template/base.py", line 936, in render
    bit = node.render_annotated(context)
  File "/usr/local/lib/python3.6/site-packages/django/template/base.py", line 903, in render_annotated
    return self.render(context)
  File "/usr/local/lib/python3.6/site-packages/django/template/library.py", line 192, in render
    output = self.func(*resolved_args, **resolved_kwargs)
  File "/home/king/myweb_dj/app01/templatetags/myFunc.py", line 117, in left_menu_text
    name = os.listdir(os.path.join(DATA_BASE, os.listdir(DATA_BASE)[int(list[1])-1]))[int(list[2])-1]
IndexError: list index out of range
Internal Server Error: /
Traceback (most recent call last):
  File "/usr/local/lib/python3.6/site-packages/django/core/handlers/exception.py", line 34, in inner
    response = get_response(request)
  File "/usr/local/lib/python3.6/site-packages/django/core/handlers/base.py", line 115, in _get_response
    response = self.process_exception_by_middleware(e, request)
  File "/usr/local/lib/python3.6/site-packages/django/core/handlers/base.py", line 113, in _get_response
    response = wrapped_callback(request, *callback_args, **callback_kwargs)
  File "/home/king/myweb_dj/app01/views.py", line 55, in index
    return render(request, 'index.html', {'user_head': userName})
  File "/usr/local/lib/python3.6/site-packages/django/shortcuts.py", line 19, in render
    content = loader.render_to_string(template_name, context, request, using=using)
  File "/usr/local/lib/python3.6/site-packages/django/template/loader.py", line 62, in render_to_string
    return template.render(context, request)
  File "/usr/local/lib/python3.6/site-packages/django/template/backends/django.py", line 61, in render
    return self.template.render(context)
  File "/usr/local/lib/python3.6/site-packages/django/template/base.py", line 171, in render
    return self._render(context)
  File "/usr/local/lib/python3.6/site-packages/django/template/base.py", line 163, in _render
    return self.nodelist.render(context)
  File "/usr/local/lib/python3.6/site-packages/django/template/base.py", line 936, in render
    bit = node.render_annotated(context)
  File "/usr/local/lib/python3.6/site-packages/django/template/base.py", line 903, in render_annotated
    return self.render(context)
  File "/usr/local/lib/python3.6/site-packages/django/template/loader_tags.py", line 150, in render
    return compiled_parent._render(context)
  File "/usr/local/lib/python3.6/site-packages/django/template/base.py", line 163, in _render
    return self.nodelist.render(context)
  File "/usr/local/lib/python3.6/site-packages/django/template/base.py", line 936, in render
    bit = node.render_annotated(context)
  File "/usr/local/lib/python3.6/site-packages/django/template/base.py", line 903, in render_annotated
    return self.render(context)
  File "/usr/local/lib/python3.6/site-packages/django/template/library.py", line 192, in render
    output = self.func(*resolved_args, **resolved_kwargs)
  File "/home/king/myweb_dj/app01/templatetags/myFunc.py", line 117, in left_menu_text
    name = os.listdir(os.path.join(DATA_BASE, os.listdir(DATA_BASE)[int(list[1])-1]))[int(list[2])-1]
IndexError: list index out of range
Internal Server Error: /
Traceback (most recent call last):
  File "/usr/local/lib/python3.6/site-packages/django/core/handlers/exception.py", line 34, in inner
    response = get_response(request)
  File "/usr/local/lib/python3.6/site-packages/django/core/handlers/base.py", line 115, in _get_response
    response = self.process_exception_by_middleware(e, request)
  File "/usr/local/lib/python3.6/site-packages/django/core/handlers/base.py", line 113, in _get_response
    response = wrapped_callback(request, *callback_args, **callback_kwargs)
  File "/home/king/myweb_dj/app01/views.py", line 55, in index
    return render(request, 'index.html', {'user_head': userName})
  File "/usr/local/lib/python3.6/site-packages/django/shortcuts.py", line 19, in render
    content = loader.render_to_string(template_name, context, request, using=using)
  File "/usr/local/lib/python3.6/site-packages/django/template/loader.py", line 62, in render_to_string
    return template.render(context, request)
  File "/usr/local/lib/python3.6/site-packages/django/template/backends/django.py", line 61, in render
    return self.template.render(context)
  File "/usr/local/lib/python3.6/site-packages/django/template/base.py", line 171, in render
    return self._render(context)
  File "/usr/local/lib/python3.6/site-packages/django/template/base.py", line 163, in _render
    return self.nodelist.render(context)
  File "/usr/local/lib/python3.6/site-packages/django/template/base.py", line 936, in render
    bit = node.render_annotated(context)
  File "/usr/local/lib/python3.6/site-packages/django/template/base.py", line 903, in render_annotated
    return self.render(context)
  File "/usr/local/lib/python3.6/site-packages/django/template/loader_tags.py", line 150, in render
    return compiled_parent._render(context)
  File "/usr/local/lib/python3.6/site-packages/django/template/base.py", line 163, in _render
    return self.nodelist.render(context)
  File "/usr/local/lib/python3.6/site-packages/django/template/base.py", line 936, in render
    bit = node.render_annotated(context)
  File "/usr/local/lib/python3.6/site-packages/django/template/base.py", line 903, in render_annotated
    return self.render(context)
  File "/usr/local/lib/python3.6/site-packages/django/template/library.py", line 192, in render
    output = self.func(*resolved_args, **resolved_kwargs)
  File "/home/king/myweb_dj/app01/templatetags/myFunc.py", line 117, in left_menu_text
    name = os.listdir(os.path.join(DATA_BASE, os.listdir(DATA_BASE)[int(list[1])-1]))[int(list[2])-1]
IndexError: list index out of range
Internal Server Error: /
Traceback (most recent call last):
  File "/usr/local/lib/python3.6/site-packages/django/core/handlers/exception.py", line 34, in inner
    response = get_response(request)
  File "/usr/local/lib/python3.6/site-packages/django/core/handlers/base.py", line 115, in _get_response
    response = self.process_exception_by_middleware(e, request)
  File "/usr/local/lib/python3.6/site-packages/django/core/handlers/base.py", line 113, in _get_response
    response = wrapped_callback(request, *callback_args, **callback_kwargs)
  File "/home/king/myweb_dj/app01/views.py", line 55, in index
    return render(request, 'index.html', {'user_head': userName})
  File "/usr/local/lib/python3.6/site-packages/django/shortcuts.py", line 19, in render
    content = loader.render_to_string(template_name, context, request, using=using)
  File "/usr/local/lib/python3.6/site-packages/django/template/loader.py", line 62, in render_to_string
    return template.render(context, request)
  File "/usr/local/lib/python3.6/site-packages/django/template/backends/django.py", line 61, in render
    return self.template.render(context)
  File "/usr/local/lib/python3.6/site-packages/django/template/base.py", line 171, in render
    return self._render(context)
  File "/usr/local/lib/python3.6/site-packages/django/template/base.py", line 163, in _render
    return self.nodelist.render(context)
  File "/usr/local/lib/python3.6/site-packages/django/template/base.py", line 936, in render
    bit = node.render_annotated(context)
  File "/usr/local/lib/python3.6/site-packages/django/template/base.py", line 903, in render_annotated
    return self.render(context)
  File "/usr/local/lib/python3.6/site-packages/django/template/loader_tags.py", line 150, in render
    return compiled_parent._render(context)
  File "/usr/local/lib/python3.6/site-packages/django/template/base.py", line 163, in _render
    return self.nodelist.render(context)
  File "/usr/local/lib/python3.6/site-packages/django/template/base.py", line 936, in render
    bit = node.render_annotated(context)
  File "/usr/local/lib/python3.6/site-packages/django/template/base.py", line 903, in render_annotated
    return self.render(context)
  File "/usr/local/lib/python3.6/site-packages/django/template/library.py", line 192, in render
    output = self.func(*resolved_args, **resolved_kwargs)
  File "/home/king/myweb_dj/app01/templatetags/myFunc.py", line 117, in left_menu_text
    sortDir2.sort()  # 按前两位数字排序
IndexError: list index out of range
Internal Server Error: /
Traceback (most recent call last):
  File "/usr/local/lib/python3.6/site-packages/django/core/handlers/exception.py", line 34, in inner
    response = get_response(request)
  File "/usr/local/lib/python3.6/site-packages/django/core/handlers/base.py", line 115, in _get_response
    response = self.process_exception_by_middleware(e, request)
  File "/usr/local/lib/python3.6/site-packages/django/core/handlers/base.py", line 113, in _get_response
    response = wrapped_callback(request, *callback_args, **callback_kwargs)
  File "/home/king/myweb_dj/app01/views.py", line 55, in index
    return render(request, 'index.html', {'user_head': userName})
  File "/usr/local/lib/python3.6/site-packages/django/shortcuts.py", line 19, in render
    content = loader.render_to_string(template_name, context, request, using=using)
  File "/usr/local/lib/python3.6/site-packages/django/template/loader.py", line 62, in render_to_string
    return template.render(context, request)
  File "/usr/local/lib/python3.6/site-packages/django/template/backends/django.py", line 61, in render
    return self.template.render(context)
  File "/usr/local/lib/python3.6/site-packages/django/template/base.py", line 171, in render
    return self._render(context)
  File "/usr/local/lib/python3.6/site-packages/django/template/base.py", line 163, in _render
    return self.nodelist.render(context)
  File "/usr/local/lib/python3.6/site-packages/django/template/base.py", line 936, in render
    bit = node.render_annotated(context)
  File "/usr/local/lib/python3.6/site-packages/django/template/base.py", line 903, in render_annotated
    return self.render(context)
  File "/usr/local/lib/python3.6/site-packages/django/template/loader_tags.py", line 150, in render
    return compiled_parent._render(context)
  File "/usr/local/lib/python3.6/site-packages/django/template/base.py", line 163, in _render
    return self.nodelist.render(context)
  File "/usr/local/lib/python3.6/site-packages/django/template/base.py", line 936, in render
    bit = node.render_annotated(context)
  File "/usr/local/lib/python3.6/site-packages/django/template/base.py", line 903, in render_annotated
    return self.render(context)
  File "/usr/local/lib/python3.6/site-packages/django/template/library.py", line 192, in render
    output = self.func(*resolved_args, **resolved_kwargs)
  File "/home/king/myweb_dj/app01/templatetags/myFunc.py", line 117, in left_menu_text
    sortDir2.sort()  # 按前两位数字排序
IndexError: list index out of range
[2020-03-29 00:36:12 +0800] [30299] [INFO] Handling signal: term
[2020-03-28 16:36:12 +0000] [30310] [INFO] Worker exiting (pid: 30310)
[2020-03-28 16:36:12 +0000] [30308] [INFO] Worker exiting (pid: 30308)
[2020-03-29 00:36:12 +0800] [30299] [INFO] Shutting down: Master
[2020-03-29 00:36:13 +0800] [31143] [INFO] Starting gunicorn 20.0.4
[2020-03-29 00:36:13 +0800] [31143] [INFO] Listening at: http://127.0.0.1:8000 (31143)
[2020-03-29 00:36:13 +0800] [31143] [INFO] Using worker: gthread
[2020-03-29 00:36:13 +0800] [31152] [INFO] Booting worker with pid: 31152
[2020-03-29 00:36:13 +0800] [31154] [INFO] Booting worker with pid: 31154
Not Found: /boaform/admin/formPing
[2020-03-29 00:42:08 +0800] [31143] [INFO] Handling signal: term
[2020-03-28 16:42:08 +0000] [31154] [INFO] Worker exiting (pid: 31154)
[2020-03-28 16:42:09 +0000] [31152] [INFO] Worker exiting (pid: 31152)
[2020-03-29 00:42:09 +0800] [31143] [INFO] Shutting down: Master
[2020-03-29 00:42:10 +0800] [31910] [INFO] Starting gunicorn 20.0.4
[2020-03-29 00:42:10 +0800] [31910] [INFO] Listening at: http://127.0.0.1:8000 (31910)
[2020-03-29 00:42:10 +0800] [31910] [INFO] Using worker: gthread
[2020-03-29 00:42:10 +0800] [31920] [INFO] Booting worker with pid: 31920
[2020-03-29 00:42:10 +0800] [31921] [INFO] Booting worker with pid: 31921
[2020-03-29 00:49:39 +0800] [31910] [INFO] Handling signal: term
[2020-03-28 16:49:39 +0000] [31921] [INFO] Worker exiting (pid: 31921)
[2020-03-28 16:49:39 +0000] [31920] [INFO] Worker exiting (pid: 31920)
[2020-03-29 00:49:40 +0800] [31910] [INFO] Shutting down: Master
[2020-03-29 00:49:40 +0800] [394] [INFO] Starting gunicorn 20.0.4
[2020-03-29 00:49:40 +0800] [394] [INFO] Listening at: http://127.0.0.1:8000 (394)
[2020-03-29 00:49:40 +0800] [394] [INFO] Using worker: gthread
[2020-03-29 00:49:40 +0800] [403] [INFO] Booting worker with pid: 403
[2020-03-29 00:49:40 +0800] [406] [INFO] Booting worker with pid: 406
[2020-03-29 00:52:08 +0800] [394] [INFO] Handling signal: term
[2020-03-28 16:52:09 +0000] [406] [INFO] Worker exiting (pid: 406)
[2020-03-28 16:52:09 +0000] [403] [INFO] Worker exiting (pid: 403)
[2020-03-29 00:52:09 +0800] [394] [INFO] Shutting down: Master
[2020-03-29 00:52:10 +0800] [759] [INFO] Starting gunicorn 20.0.4
[2020-03-29 00:52:10 +0800] [759] [INFO] Listening at: http://127.0.0.1:8000 (759)
[2020-03-29 00:52:10 +0800] [759] [INFO] Using worker: gthread
[2020-03-29 00:52:10 +0800] [769] [INFO] Booting worker with pid: 769
[2020-03-29 00:52:10 +0800] [770] [INFO] Booting worker with pid: 770
Not Found: /manager/html
[2020-03-29 01:50:16 +0800] [759] [INFO] Handling signal: term
[2020-03-28 17:50:17 +0000] [770] [INFO] Worker exiting (pid: 770)
[2020-03-28 17:50:17 +0000] [769] [INFO] Worker exiting (pid: 769)
[2020-03-29 01:50:17 +0800] [759] [INFO] Shutting down: Master
[2020-03-29 01:50:18 +0800] [8228] [INFO] Starting gunicorn 20.0.4
[2020-03-29 01:50:18 +0800] [8228] [INFO] Listening at: http://127.0.0.1:8000 (8228)
[2020-03-29 01:50:18 +0800] [8228] [INFO] Using worker: gthread
[2020-03-29 01:50:18 +0800] [8237] [INFO] Booting worker with pid: 8237
[2020-03-29 01:50:18 +0800] [8239] [INFO] Booting worker with pid: 8239
[2020-03-31 20:37:22 +0800] [8228] [INFO] Handling signal: term
[2020-03-31 12:37:22 +0000] [8239] [INFO] Worker exiting (pid: 8239)
[2020-03-31 12:37:23 +0000] [8237] [INFO] Worker exiting (pid: 8237)
[2020-03-31 20:37:23 +0800] [8228] [INFO] Shutting down: Master
[2020-03-31 20:37:23 +0800] [6441] [INFO] Starting gunicorn 20.0.4
[2020-03-31 20:37:23 +0800] [6441] [INFO] Listening at: http://127.0.0.1:8000 (6441)
[2020-03-31 20:37:23 +0800] [6441] [INFO] Using worker: gthread
[2020-03-31 20:37:23 +0800] [6453] [INFO] Booting worker with pid: 6453
[2020-03-31 20:37:23 +0800] [6454] [INFO] Booting worker with pid: 6454
[2020-03-31 20:38:16 +0800] [6441] [INFO] Handling signal: term
[2020-03-31 12:38:17 +0000] [6454] [INFO] Worker exiting (pid: 6454)
[2020-03-31 12:38:17 +0000] [6453] [INFO] Worker exiting (pid: 6453)
[2020-03-31 20:38:17 +0800] [6441] [INFO] Shutting down: Master
[2020-03-31 20:38:18 +0800] [6564] [INFO] Starting gunicorn 20.0.4
[2020-03-31 20:38:18 +0800] [6564] [INFO] Listening at: http://127.0.0.1:8000 (6564)
[2020-03-31 20:38:18 +0800] [6564] [INFO] Using worker: gthread
[2020-03-31 20:38:18 +0800] [6573] [INFO] Booting worker with pid: 6573
[2020-03-31 20:38:18 +0800] [6575] [INFO] Booting worker with pid: 6575
[2020-03-31 20:46:29 +0800] [1938] [INFO] Starting gunicorn 20.0.4
[2020-03-31 20:46:29 +0800] [1938] [INFO] Listening at: http://127.0.0.1:8000 (1938)
[2020-03-31 20:46:29 +0800] [1938] [INFO] Using worker: gthread
[2020-03-31 20:46:29 +0800] [1946] [INFO] Booting worker with pid: 1946
[2020-03-31 20:46:29 +0800] [1948] [INFO] Booting worker with pid: 1948
[2020-03-31 21:02:08 +0800] [1938] [INFO] Handling signal: term
[2020-03-31 13:02:09 +0000] [1946] [INFO] Worker exiting (pid: 1946)
[2020-03-31 13:02:09 +0000] [1948] [INFO] Worker exiting (pid: 1948)
[2020-03-31 21:02:09 +0800] [1938] [INFO] Shutting down: Master
[2020-03-31 21:02:10 +0800] [4039] [INFO] Starting gunicorn 20.0.4
[2020-03-31 21:02:10 +0800] [4039] [INFO] Listening at: http://127.0.0.1:8000 (4039)
[2020-03-31 21:02:10 +0800] [4039] [INFO] Using worker: gthread
[2020-03-31 21:02:10 +0800] [4048] [INFO] Booting worker with pid: 4048
[2020-03-31 21:02:10 +0800] [4050] [INFO] Booting worker with pid: 4050
[2020-03-31 21:04:16 +0800] [4039] [INFO] Handling signal: term
[2020-03-31 13:04:16 +0000] [4050] [INFO] Worker exiting (pid: 4050)
[2020-03-31 13:04:17 +0000] [4048] [INFO] Worker exiting (pid: 4048)
[2020-03-31 21:04:17 +0800] [4039] [INFO] Shutting down: Master
[2020-03-31 21:04:17 +0800] [4334] [INFO] Starting gunicorn 20.0.4
[2020-03-31 21:04:17 +0800] [4334] [INFO] Listening at: http://127.0.0.1:8000 (4334)
[2020-03-31 21:04:17 +0800] [4334] [INFO] Using worker: gthread
[2020-03-31 21:04:17 +0800] [4342] [INFO] Booting worker with pid: 4342
[2020-03-31 21:04:17 +0800] [4346] [INFO] Booting worker with pid: 4346
[2020-03-31 21:18:54 +0800] [4334] [INFO] Handling signal: term
[2020-03-31 13:18:54 +0000] [4342] [INFO] Worker exiting (pid: 4342)
[2020-03-31 13:18:54 +0000] [4346] [INFO] Worker exiting (pid: 4346)
[2020-03-31 21:18:55 +0800] [4334] [INFO] Shutting down: Master
[2020-03-31 21:20:56 +0800] [6541] [INFO] Starting gunicorn 20.0.4
[2020-03-31 21:20:56 +0800] [6541] [INFO] Listening at: http://127.0.0.1:8000 (6541)
[2020-03-31 21:20:56 +0800] [6541] [INFO] Using worker: gthread
[2020-03-31 21:20:56 +0800] [6550] [INFO] Booting worker with pid: 6550
[2020-03-31 21:20:57 +0800] [6552] [INFO] Booting worker with pid: 6552
[2020-03-31 21:26:44 +0800] [6541] [INFO] Handling signal: term
[2020-03-31 13:26:44 +0000] [6550] [INFO] Worker exiting (pid: 6550)
[2020-03-31 13:26:44 +0000] [6552] [INFO] Worker exiting (pid: 6552)
[2020-03-31 21:26:44 +0800] [6541] [INFO] Shutting down: Master
[2020-03-31 21:26:45 +0800] [7310] [INFO] Starting gunicorn 20.0.4
[2020-03-31 21:26:45 +0800] [7310] [INFO] Listening at: http://127.0.0.1:8000 (7310)
[2020-03-31 21:26:45 +0800] [7310] [INFO] Using worker: gthread
[2020-03-31 21:26:45 +0800] [7318] [INFO] Booting worker with pid: 7318
[2020-03-31 21:26:45 +0800] [7320] [INFO] Booting worker with pid: 7320
[2020-03-31 21:30:17 +0800] [7310] [INFO] Handling signal: term
[2020-03-31 13:30:17 +0000] [7320] [INFO] Worker exiting (pid: 7320)
[2020-03-31 13:30:17 +0000] [7318] [INFO] Worker exiting (pid: 7318)
[2020-03-31 21:30:18 +0800] [7310] [INFO] Shutting down: Master
[2020-03-31 21:30:18 +0800] [7793] [INFO] Starting gunicorn 20.0.4
[2020-03-31 21:30:18 +0800] [7793] [INFO] Listening at: http://127.0.0.1:8000 (7793)
[2020-03-31 21:30:18 +0800] [7793] [INFO] Using worker: gthread
[2020-03-31 21:30:18 +0800] [7801] [INFO] Booting worker with pid: 7801
[2020-03-31 21:30:18 +0800] [7803] [INFO] Booting worker with pid: 7803
[2020-03-31 21:35:03 +0800] [7793] [INFO] Handling signal: term
[2020-03-31 13:35:03 +0000] [7803] [INFO] Worker exiting (pid: 7803)
[2020-03-31 13:35:03 +0000] [7801] [INFO] Worker exiting (pid: 7801)
[2020-03-31 21:35:03 +0800] [7793] [INFO] Shutting down: Master
[2020-03-31 21:35:04 +0800] [8399] [INFO] Starting gunicorn 20.0.4
[2020-03-31 21:35:04 +0800] [8399] [INFO] Listening at: http://127.0.0.1:8000 (8399)
[2020-03-31 21:35:04 +0800] [8399] [INFO] Using worker: gthread
[2020-03-31 21:35:04 +0800] [8411] [INFO] Booting worker with pid: 8411
[2020-03-31 21:35:04 +0800] [8413] [INFO] Booting worker with pid: 8413
[2020-04-01 21:40:01 +0800] [8399] [INFO] Handling signal: term
[2020-04-01 13:40:01 +0000] [8413] [INFO] Worker exiting (pid: 8413)
[2020-04-01 13:40:01 +0000] [8411] [INFO] Worker exiting (pid: 8411)
[2020-04-01 21:40:01 +0800] [8399] [INFO] Shutting down: Master
[2020-04-01 21:40:02 +0800] [32343] [INFO] Starting gunicorn 20.0.4
[2020-04-01 21:40:02 +0800] [32343] [INFO] Listening at: http://127.0.0.1:8000 (32343)
[2020-04-01 21:40:02 +0800] [32343] [INFO] Using worker: gthread
[2020-04-01 21:40:02 +0800] [32361] [INFO] Booting worker with pid: 32361
[2020-04-01 21:40:02 +0800] [32363] [INFO] Booting worker with pid: 32363
[2020-04-01 21:43:54 +0800] [32343] [INFO] Handling signal: term
[2020-04-01 13:43:54 +0000] [32361] [INFO] Worker exiting (pid: 32361)
[2020-04-01 13:43:54 +0000] [32363] [INFO] Worker exiting (pid: 32363)
[2020-04-01 21:43:54 +0800] [32343] [INFO] Shutting down: Master
[2020-04-01 21:43:55 +0800] [410] [INFO] Starting gunicorn 20.0.4
[2020-04-01 21:43:55 +0800] [410] [INFO] Listening at: http://127.0.0.1:8000 (410)
[2020-04-01 21:43:55 +0800] [410] [INFO] Using worker: gthread
[2020-04-01 21:43:55 +0800] [419] [INFO] Booting worker with pid: 419
[2020-04-01 21:43:55 +0800] [420] [INFO] Booting worker with pid: 420
[2020-04-03 12:16:46 +0800] [410] [INFO] Handling signal: term
[2020-04-03 04:16:47 +0000] [419] [INFO] Worker exiting (pid: 419)
[2020-04-03 04:16:47 +0000] [420] [INFO] Worker exiting (pid: 420)
[2020-04-03 12:16:47 +0800] [410] [INFO] Shutting down: Master
[2020-04-03 12:16:48 +0800] [9158] [INFO] Starting gunicorn 20.0.4
[2020-04-03 12:16:48 +0800] [9158] [INFO] Listening at: http://127.0.0.1:8000 (9158)
[2020-04-03 12:16:48 +0800] [9158] [INFO] Using worker: gthread
[2020-04-03 12:16:48 +0800] [9171] [INFO] Booting worker with pid: 9171
[2020-04-03 12:16:48 +0800] [9173] [INFO] Booting worker with pid: 9173
[2020-04-03 12:32:35 +0800] [9158] [INFO] Handling signal: term
[2020-04-03 04:32:35 +0000] [9173] [INFO] Worker exiting (pid: 9173)
[2020-04-03 04:32:36 +0000] [9171] [INFO] Worker exiting (pid: 9171)
[2020-04-03 12:32:36 +0800] [9158] [INFO] Shutting down: Master
[2020-04-03 12:32:36 +0800] [11256] [INFO] Starting gunicorn 20.0.4
[2020-04-03 12:32:36 +0800] [11256] [INFO] Listening at: http://127.0.0.1:8000 (11256)
[2020-04-03 12:32:36 +0800] [11256] [INFO] Using worker: gthread
[2020-04-03 12:32:36 +0800] [11264] [INFO] Booting worker with pid: 11264
[2020-04-03 12:32:36 +0800] [11267] [INFO] Booting worker with pid: 11267
[2020-04-03 18:37:09 +0800] [11256] [INFO] Handling signal: term
[2020-04-03 10:37:10 +0000] [11264] [INFO] Worker exiting (pid: 11264)
[2020-04-03 10:37:10 +0000] [11267] [INFO] Worker exiting (pid: 11267)
[2020-04-03 18:37:10 +0800] [11256] [INFO] Shutting down: Master
[2020-04-03 18:37:10 +0800] [25749] [INFO] Starting gunicorn 20.0.4
[2020-04-03 18:37:10 +0800] [25749] [INFO] Listening at: http://127.0.0.1:8000 (25749)
[2020-04-03 18:37:10 +0800] [25749] [INFO] Using worker: gthread
[2020-04-03 18:37:10 +0800] [25757] [INFO] Booting worker with pid: 25757
[2020-04-03 18:37:10 +0800] [25760] [INFO] Booting worker with pid: 25760
[2020-04-03 18:53:21 +0800] [25749] [INFO] Handling signal: term
[2020-04-03 10:53:21 +0000] [25760] [INFO] Worker exiting (pid: 25760)
[2020-04-03 10:53:22 +0000] [25757] [INFO] Worker exiting (pid: 25757)
[2020-04-03 18:53:22 +0800] [25749] [INFO] Shutting down: Master
[2020-04-03 18:53:23 +0800] [27869] [INFO] Starting gunicorn 20.0.4
[2020-04-03 18:53:23 +0800] [27869] [INFO] Listening at: http://127.0.0.1:8000 (27869)
[2020-04-03 18:53:23 +0800] [27869] [INFO] Using worker: gthread
[2020-04-03 18:53:23 +0800] [27877] [INFO] Booting worker with pid: 27877
[2020-04-03 18:53:23 +0800] [27879] [INFO] Booting worker with pid: 27879
[2020-04-04 16:08:31 +0800] [27869] [INFO] Handling signal: term
[2020-04-04 08:08:32 +0000] [27877] [INFO] Worker exiting (pid: 27877)
[2020-04-04 08:08:32 +0000] [27879] [INFO] Worker exiting (pid: 27879)
[2020-04-04 16:08:32 +0800] [27869] [INFO] Shutting down: Master
[2020-04-04 16:08:32 +0800] [30777] [INFO] Starting gunicorn 20.0.4
[2020-04-04 16:08:32 +0800] [30777] [INFO] Listening at: http://127.0.0.1:8000 (30777)
[2020-04-04 16:08:32 +0800] [30777] [INFO] Using worker: gthread
[2020-04-04 16:08:32 +0800] [30785] [INFO] Booting worker with pid: 30785
[2020-04-04 16:08:33 +0800] [30787] [INFO] Booting worker with pid: 30787
[2020-04-04 19:40:02 +0800] [30777] [INFO] Handling signal: term
[2020-04-04 11:40:03 +0000] [30785] [INFO] Worker exiting (pid: 30785)
[2020-04-04 11:40:03 +0000] [30787] [INFO] Worker exiting (pid: 30787)
[2020-04-04 19:40:03 +0800] [30777] [INFO] Shutting down: Master
[2020-04-04 19:40:04 +0800] [25283] [INFO] Starting gunicorn 20.0.4
[2020-04-04 19:40:04 +0800] [25283] [INFO] Listening at: http://127.0.0.1:8000 (25283)
[2020-04-04 19:40:04 +0800] [25283] [INFO] Using worker: gthread
[2020-04-04 19:40:04 +0800] [25295] [INFO] Booting worker with pid: 25295
[2020-04-04 19:40:04 +0800] [25297] [INFO] Booting worker with pid: 25297
[2020-04-04 20:20:47 +0800] [25283] [INFO] Handling signal: term
[2020-04-04 12:20:48 +0000] [25295] [INFO] Worker exiting (pid: 25295)
[2020-04-04 12:20:48 +0000] [25297] [INFO] Worker exiting (pid: 25297)
[2020-04-04 20:20:48 +0800] [25283] [INFO] Shutting down: Master
[2020-04-04 20:20:49 +0800] [30516] [INFO] Starting gunicorn 20.0.4
[2020-04-04 20:20:49 +0800] [30516] [INFO] Listening at: http://127.0.0.1:8000 (30516)
[2020-04-04 20:20:49 +0800] [30516] [INFO] Using worker: gthread
[2020-04-04 20:20:49 +0800] [30524] [INFO] Booting worker with pid: 30524
[2020-04-04 20:20:49 +0800] [30525] [INFO] Booting worker with pid: 30525
